Release 14.7 Map P.20131013 (nt64)
Xilinx Mapping Report File for Design 'pong_top'

Design Information
------------------
Command Line   : map -intstyle ise -p xc3s1200e-ft256-4 -cm area -ir off -pr off
-c 100 -o pong_top_map.ncd pong_top.ngd pong_top.pcf 
Target Device  : xc3s1200e
Target Package : ft256
Target Speed   : -4
Mapper Version : spartan3e -- $Revision: 1.55 $
Mapped Date    : Sat Nov 12 19:19:42 2016

Design Summary
--------------
Number of errors   :   3
Number of warnings :   0

Section 1 - Errors
------------------
ERROR:MapLib:30 - LOC constraint J15 on ld<0> is invalid: No such site on the
   device. To bypass this error set the environment variable 'XIL_MAP_LOCWARN'.
ERROR:MapLib:30 - LOC constraint M15 on ps2d is invalid: No such site on the
   device. To bypass this error set the environment variable 'XIL_MAP_LOCWARN'.
ERROR:MapLib:30 - LOC constraint R12 on vga_red is invalid: No such site on the
   device. To bypass this error set the environment variable 'XIL_MAP_LOCWARN'.

Section 2 - Warnings
--------------------

Section 3 - Informational
-------------------------
INFO:MapLib:562 - No environment variables are currently set.

Section 4 - Removed Logic Summary
---------------------------------

Section 5 - Removed Logic
-------------------------
